<?xml version="1.0" encoding="UTF-8"?>
<!-- Generated by org.testng.reporters.JUnitReportReporter -->
<testsuite hostname="DESKTOP-BDG8R21" failures="0" tests="4" name="Test1" time="6.683" errors="0" timestamp="2021-07-19T06:03:09 PDT" skipped="0">
  <testcase classname="Test1" name="testUserPost" time="0.557"/>
  <system-out/>
  <testcase classname="Test1" name="testUserPost" time="0.407"/>
  <system-out/>
  <testcase classname="Test1" name="testAuthorizePost" time="5.279"/>
  <system-out/>
  <testcase classname="Test1" name="testUserPost" time="0.440"/>
  <system-out/>
</testsuite> <!-- Test1 -->
