<?xml version="1.0" encoding="UTF-8"?>
<!-- Generated by org.testng.reporters.JUnitReportReporter -->
<testsuite hostname="DESKTOP-BDG8R21" failures="0" tests="4" name="Test1" time="7.136" errors="0" timestamp="2021-07-18T10:48:32 PDT" skipped="0">
  <testcase classname="Test1" name="testUserPost" time="0.484"/>
  <system-out/>
  <testcase classname="Test1" name="testUserPost" time="0.476"/>
  <system-out/>
  <testcase classname="Test1" name="testAuthorizePost" time="5.615"/>
  <system-out/>
  <testcase classname="Test1" name="testUserPost" time="0.561"/>
  <system-out/>
</testsuite> <!-- Test1 -->
